filelist /data/t2k/stewartt/T2K/antiNumuCC1PiMinusAnalysis/v0r0/cmt/tempfilelit.txt
exe RunAntiNumuCC1PiMinusAnalysis.exe
id antiNumuCC1PiMinusAnalysis_output
inputing...
nf 5000
Pre-submission: antiNumuCC1PiMinusAnalysis_outputn0001.sh
8509682.pplxtorque05.physics.ox.ac.uk
Sub result: 0
Submitted: antiNumuCC1PiMinusAnalysis_outputn0001.sh
Pre-submission: antiNumuCC1PiMinusAnalysis_outputn0002.sh
8509683.pplxtorque05.physics.ox.ac.uk
Sub result: 0
Submitted: antiNumuCC1PiMinusAnalysis_outputn0002.sh
Pre-submission: antiNumuCC1PiMinusAnalysis_outputn0003.sh
8509684.pplxtorque05.physics.ox.ac.uk
Sub result: 0
Submitted: antiNumuCC1PiMinusAnalysis_outputn0003.sh
Pre-submission: antiNumuCC1PiMinusAnalysis_outputn0004.sh
8509685.pplxtorque05.physics.ox.ac.uk
Sub result: 0
Submitted: antiNumuCC1PiMinusAnalysis_outputn0004.sh
Pre-submission: antiNumuCC1PiMinusAnalysis_outputn0005.sh
8509686.pplxtorque05.physics.ox.ac.uk
Sub result: 0
Submitted: antiNumuCC1PiMinusAnalysis_outputn0005.sh
Pre-submission: antiNumuCC1PiMinusAnalysis_outputn0006.sh
8509687.pplxtorque05.physics.ox.ac.uk
Sub result: 0
Submitted: antiNumuCC1PiMinusAnalysis_outputn0006.sh
Pre-submission: antiNumuCC1PiMinusAnalysis_outputn0007.sh
8509688.pplxtorque05.physics.ox.ac.uk
Sub result: 0
Submitted: antiNumuCC1PiMinusAnalysis_outputn0007.sh
Pre-submission: antiNumuCC1PiMinusAnalysis_outputn0008.sh
8509689.pplxtorque05.physics.ox.ac.uk
Sub result: 0
Submitted: antiNumuCC1PiMinusAnalysis_outputn0008.sh
Pre-submission: antiNumuCC1PiMinusAnalysis_outputn0009.sh
8509690.pplxtorque05.physics.ox.ac.uk
Sub result: 0
Submitted: antiNumuCC1PiMinusAnalysis_outputn0009.sh
Pre-submission: antiNumuCC1PiMinusAnalysis_outputn0010.sh
8509691.pplxtorque05.physics.ox.ac.uk
Sub result: 0
Submitted: antiNumuCC1PiMinusAnalysis_outputn0010.sh
Pre-submission: antiNumuCC1PiMinusAnalysis_outputn0011.sh
8509692.pplxtorque05.physics.ox.ac.uk
Sub result: 0
Submitted: antiNumuCC1PiMinusAnalysis_outputn0011.sh
Pre-submission: antiNumuCC1PiMinusAnalysis_outputn0012.sh
8509693.pplxtorque05.physics.ox.ac.uk
Sub result: 0
Submitted: antiNumuCC1PiMinusAnalysis_outputn0012.sh
filelist /data/t2k/stewartt/T2K/antiNumuCC1PiMinusAnalysis/v0r0/cmt/tempfilelit.txt
exe RunAntiNumuCC1PiMinusAnalysis.exe
id antiNumuCC1PiMinusAnalysis_output
inputing...
nf 5000
Pre-submission: antiNumuCC1PiMinusAnalysis_outputn0001.sh
8509694.pplxtorque05.physics.ox.ac.uk
Sub result: 0
Submitted: antiNumuCC1PiMinusAnalysis_outputn0001.sh
Pre-submission: antiNumuCC1PiMinusAnalysis_outputn0002.sh
8509695.pplxtorque05.physics.ox.ac.uk
Sub result: 0
Submitted: antiNumuCC1PiMinusAnalysis_outputn0002.sh
Pre-submission: antiNumuCC1PiMinusAnalysis_outputn0003.sh
8509696.pplxtorque05.physics.ox.ac.uk
Sub result: 0
Submitted: antiNumuCC1PiMinusAnalysis_outputn0003.sh
Pre-submission: antiNumuCC1PiMinusAnalysis_outputn0004.sh
8509697.pplxtorque05.physics.ox.ac.uk
Sub result: 0
Submitted: antiNumuCC1PiMinusAnalysis_outputn0004.sh
Pre-submission: antiNumuCC1PiMinusAnalysis_outputn0005.sh
8509698.pplxtorque05.physics.ox.ac.uk
Sub result: 0
Submitted: antiNumuCC1PiMinusAnalysis_outputn0005.sh
Pre-submission: antiNumuCC1PiMinusAnalysis_outputn0006.sh
8509699.pplxtorque05.physics.ox.ac.uk
Sub result: 0
Submitted: antiNumuCC1PiMinusAnalysis_outputn0006.sh
Pre-submission: antiNumuCC1PiMinusAnalysis_outputn0007.sh
8509700.pplxtorque05.physics.ox.ac.uk
Sub result: 0
Submitted: antiNumuCC1PiMinusAnalysis_outputn0007.sh
Pre-submission: antiNumuCC1PiMinusAnalysis_outputn0008.sh
8509701.pplxtorque05.physics.ox.ac.uk
Sub result: 0
Submitted: antiNumuCC1PiMinusAnalysis_outputn0008.sh
Pre-submission: antiNumuCC1PiMinusAnalysis_outputn0009.sh
8509702.pplxtorque05.physics.ox.ac.uk
Sub result: 0
Submitted: antiNumuCC1PiMinusAnalysis_outputn0009.sh
Pre-submission: antiNumuCC1PiMinusAnalysis_outputn0010.sh
8509703.pplxtorque05.physics.ox.ac.uk
Sub result: 0
Submitted: antiNumuCC1PiMinusAnalysis_outputn0010.sh
Pre-submission: antiNumuCC1PiMinusAnalysis_outputn0011.sh
8509704.pplxtorque05.physics.ox.ac.uk
Sub result: 0
Submitted: antiNumuCC1PiMinusAnalysis_outputn0011.sh
Pre-submission: antiNumuCC1PiMinusAnalysis_outputn0012.sh
8509705.pplxtorque05.physics.ox.ac.uk
Sub result: 0
Submitted: antiNumuCC1PiMinusAnalysis_outputn0012.sh
Pre-submission: antiNumuCC1PiMinusAnalysis_outputn0013.sh
8509706.pplxtorque05.physics.ox.ac.uk
Sub result: 0
Submitted: antiNumuCC1PiMinusAnalysis_outputn0013.sh
Pre-submission: antiNumuCC1PiMinusAnalysis_outputn0014.sh
8509707.pplxtorque05.physics.ox.ac.uk
Sub result: 0
Submitted: antiNumuCC1PiMinusAnalysis_outputn0014.sh
Pre-submission: antiNumuCC1PiMinusAnalysis_outputn0015.sh
8509708.pplxtorque05.physics.ox.ac.uk
Sub result: 0
Submitted: antiNumuCC1PiMinusAnalysis_outputn0015.sh
Pre-submission: antiNumuCC1PiMinusAnalysis_outputn0016.sh
8509709.pplxtorque05.physics.ox.ac.uk
Sub result: 0
Submitted: antiNumuCC1PiMinusAnalysis_outputn0016.sh
Pre-submission: antiNumuCC1PiMinusAnalysis_outputn0017.sh
8509710.pplxtorque05.physics.ox.ac.uk
Sub result: 0
Submitted: antiNumuCC1PiMinusAnalysis_outputn0017.sh
Pre-submission: antiNumuCC1PiMinusAnalysis_outputn0018.sh
8509711.pplxtorque05.physics.ox.ac.uk
Sub result: 0
Submitted: antiNumuCC1PiMinusAnalysis_outputn0018.sh
Pre-submission: antiNumuCC1PiMinusAnalysis_outputn0019.sh
8509714.pplxtorque05.physics.ox.ac.uk
Sub result: 0
Submitted: antiNumuCC1PiMinusAnalysis_outputn0019.sh
Pre-submission: antiNumuCC1PiMinusAnalysis_outputn0020.sh
8509716.pplxtorque05.physics.ox.ac.uk
Sub result: 0
Submitted: antiNumuCC1PiMinusAnalysis_outputn0020.sh
Pre-submission: antiNumuCC1PiMinusAnalysis_outputn0021.sh
8509717.pplxtorque05.physics.ox.ac.uk
Sub result: 0
Submitted: antiNumuCC1PiMinusAnalysis_outputn0021.sh
Pre-submission: antiNumuCC1PiMinusAnalysis_outputn0022.sh
8509718.pplxtorque05.physics.ox.ac.uk
Sub result: 0
Submitted: antiNumuCC1PiMinusAnalysis_outputn0022.sh
Pre-submission: antiNumuCC1PiMinusAnalysis_outputn0023.sh
8509719.pplxtorque05.physics.ox.ac.uk
Sub result: 0
Submitted: antiNumuCC1PiMinusAnalysis_outputn0023.sh
Pre-submission: antiNumuCC1PiMinusAnalysis_outputn0024.sh
8509720.pplxtorque05.physics.ox.ac.uk
Sub result: 0
Submitted: antiNumuCC1PiMinusAnalysis_outputn0024.sh
Pre-submission: antiNumuCC1PiMinusAnalysis_outputn0025.sh
8509721.pplxtorque05.physics.ox.ac.uk
Sub result: 0
Submitted: antiNumuCC1PiMinusAnalysis_outputn0025.sh
Pre-submission: antiNumuCC1PiMinusAnalysis_outputn0026.sh
8509722.pplxtorque05.physics.ox.ac.uk
Sub result: 0
Submitted: antiNumuCC1PiMinusAnalysis_outputn0026.sh
Pre-submission: antiNumuCC1PiMinusAnalysis_outputn0027.sh
8509723.pplxtorque05.physics.ox.ac.uk
Sub result: 0
Submitted: antiNumuCC1PiMinusAnalysis_outputn0027.sh
Pre-submission: antiNumuCC1PiMinusAnalysis_outputn0028.sh
8509724.pplxtorque05.physics.ox.ac.uk
Sub result: 0
Submitted: antiNumuCC1PiMinusAnalysis_outputn0028.sh
Pre-submission: antiNumuCC1PiMinusAnalysis_outputn0029.sh
8509725.pplxtorque05.physics.ox.ac.uk
Sub result: 0
Submitted: antiNumuCC1PiMinusAnalysis_outputn0029.sh
Pre-submission: antiNumuCC1PiMinusAnalysis_outputn0030.sh
8509726.pplxtorque05.physics.ox.ac.uk
Sub result: 0
Submitted: antiNumuCC1PiMinusAnalysis_outputn0030.sh
Pre-submission: antiNumuCC1PiMinusAnalysis_outputn0031.sh
8509727.pplxtorque05.physics.ox.ac.uk
Sub result: 0
Submitted: antiNumuCC1PiMinusAnalysis_outputn0031.sh
Pre-submission: antiNumuCC1PiMinusAnalysis_outputn0032.sh
8509728.pplxtorque05.physics.ox.ac.uk
Sub result: 0
Submitted: antiNumuCC1PiMinusAnalysis_outputn0032.sh
Pre-submission: antiNumuCC1PiMinusAnalysis_outputn0033.sh
8509729.pplxtorque05.physics.ox.ac.uk
Sub result: 0
Submitted: antiNumuCC1PiMinusAnalysis_outputn0033.sh
Pre-submission: antiNumuCC1PiMinusAnalysis_outputn0034.sh
8509730.pplxtorque05.physics.ox.ac.uk
Sub result: 0
Submitted: antiNumuCC1PiMinusAnalysis_outputn0034.sh
Pre-submission: antiNumuCC1PiMinusAnalysis_outputn0035.sh
8509731.pplxtorque05.physics.ox.ac.uk
Sub result: 0
Submitted: antiNumuCC1PiMinusAnalysis_outputn0035.sh
Pre-submission: antiNumuCC1PiMinusAnalysis_outputn0036.sh
8509732.pplxtorque05.physics.ox.ac.uk
Sub result: 0
Submitted: antiNumuCC1PiMinusAnalysis_outputn0036.sh
Pre-submission: antiNumuCC1PiMinusAnalysis_outputn0037.sh
8509733.pplxtorque05.physics.ox.ac.uk
Sub result: 0
Submitted: antiNumuCC1PiMinusAnalysis_outputn0037.sh
Pre-submission: antiNumuCC1PiMinusAnalysis_outputn0038.sh
8509734.pplxtorque05.physics.ox.ac.uk
Sub result: 0
Submitted: antiNumuCC1PiMinusAnalysis_outputn0038.sh
Pre-submission: antiNumuCC1PiMinusAnalysis_outputn0039.sh
8509735.pplxtorque05.physics.ox.ac.uk
Sub result: 0
Submitted: antiNumuCC1PiMinusAnalysis_outputn0039.sh
Pre-submission: antiNumuCC1PiMinusAnalysis_outputn0040.sh
8509736.pplxtorque05.physics.ox.ac.uk
Sub result: 0
Submitted: antiNumuCC1PiMinusAnalysis_outputn0040.sh
Pre-submission: antiNumuCC1PiMinusAnalysis_outputn0041.sh
8509737.pplxtorque05.physics.ox.ac.uk
Sub result: 0
Submitted: antiNumuCC1PiMinusAnalysis_outputn0041.sh
Pre-submission: antiNumuCC1PiMinusAnalysis_outputn0042.sh
8509738.pplxtorque05.physics.ox.ac.uk
Sub result: 0
Submitted: antiNumuCC1PiMinusAnalysis_outputn0042.sh
Pre-submission: antiNumuCC1PiMinusAnalysis_outputn0043.sh
8509739.pplxtorque05.physics.ox.ac.uk
Sub result: 0
Submitted: antiNumuCC1PiMinusAnalysis_outputn0043.sh
Pre-submission: antiNumuCC1PiMinusAnalysis_outputn0044.sh
8509740.pplxtorque05.physics.ox.ac.uk
Sub result: 0
Submitted: antiNumuCC1PiMinusAnalysis_outputn0044.sh
Pre-submission: antiNumuCC1PiMinusAnalysis_outputn0045.sh
8509741.pplxtorque05.physics.ox.ac.uk
Sub result: 0
Submitted: antiNumuCC1PiMinusAnalysis_outputn0045.sh
Pre-submission: antiNumuCC1PiMinusAnalysis_outputn0046.sh
8509742.pplxtorque05.physics.ox.ac.uk
Sub result: 0
Submitted: antiNumuCC1PiMinusAnalysis_outputn0046.sh
Pre-submission: antiNumuCC1PiMinusAnalysis_outputn0047.sh
8509743.pplxtorque05.physics.ox.ac.uk
Sub result: 0
Submitted: antiNumuCC1PiMinusAnalysis_outputn0047.sh
Pre-submission: antiNumuCC1PiMinusAnalysis_outputn0048.sh
8509744.pplxtorque05.physics.ox.ac.uk
Sub result: 0
Submitted: antiNumuCC1PiMinusAnalysis_outputn0048.sh
Pre-submission: antiNumuCC1PiMinusAnalysis_outputn0049.sh
8509745.pplxtorque05.physics.ox.ac.uk
Sub result: 0
Submitted: antiNumuCC1PiMinusAnalysis_outputn0049.sh
Pre-submission: antiNumuCC1PiMinusAnalysis_outputn0050.sh
8509746.pplxtorque05.physics.ox.ac.uk
Sub result: 0
Submitted: antiNumuCC1PiMinusAnalysis_outputn0050.sh
Pre-submission: antiNumuCC1PiMinusAnalysis_outputn0051.sh
8509747.pplxtorque05.physics.ox.ac.uk
Sub result: 0
Submitted: antiNumuCC1PiMinusAnalysis_outputn0051.sh
Pre-submission: antiNumuCC1PiMinusAnalysis_outputn0052.sh
8509748.pplxtorque05.physics.ox.ac.uk
Sub result: 0
Submitted: antiNumuCC1PiMinusAnalysis_outputn0052.sh
Pre-submission: antiNumuCC1PiMinusAnalysis_outputn0053.sh
8509749.pplxtorque05.physics.ox.ac.uk
Sub result: 0
Submitted: antiNumuCC1PiMinusAnalysis_outputn0053.sh
Pre-submission: antiNumuCC1PiMinusAnalysis_outputn0054.sh
8509750.pplxtorque05.physics.ox.ac.uk
Sub result: 0
Submitted: antiNumuCC1PiMinusAnalysis_outputn0054.sh
Pre-submission: antiNumuCC1PiMinusAnalysis_outputn0055.sh
8509751.pplxtorque05.physics.ox.ac.uk
Sub result: 0
Submitted: antiNumuCC1PiMinusAnalysis_outputn0055.sh
Pre-submission: antiNumuCC1PiMinusAnalysis_outputn0056.sh
8509752.pplxtorque05.physics.ox.ac.uk
Sub result: 0
Submitted: antiNumuCC1PiMinusAnalysis_outputn0056.sh
Pre-submission: antiNumuCC1PiMinusAnalysis_outputn0057.sh
8509753.pplxtorque05.physics.ox.ac.uk
Sub result: 0
Submitted: antiNumuCC1PiMinusAnalysis_outputn0057.sh
Pre-submission: antiNumuCC1PiMinusAnalysis_outputn0058.sh
8509754.pplxtorque05.physics.ox.ac.uk
Sub result: 0
Submitted: antiNumuCC1PiMinusAnalysis_outputn0058.sh
Pre-submission: antiNumuCC1PiMinusAnalysis_outputn0059.sh
8509755.pplxtorque05.physics.ox.ac.uk
Sub result: 0
Submitted: antiNumuCC1PiMinusAnalysis_outputn0059.sh
Pre-submission: antiNumuCC1PiMinusAnalysis_outputn0060.sh
8509756.pplxtorque05.physics.ox.ac.uk
Sub result: 0
Submitted: antiNumuCC1PiMinusAnalysis_outputn0060.sh
Pre-submission: antiNumuCC1PiMinusAnalysis_outputn0061.sh
8509757.pplxtorque05.physics.ox.ac.uk
Sub result: 0
Submitted: antiNumuCC1PiMinusAnalysis_outputn0061.sh
Pre-submission: antiNumuCC1PiMinusAnalysis_outputn0062.sh
8509758.pplxtorque05.physics.ox.ac.uk
Sub result: 0
Submitted: antiNumuCC1PiMinusAnalysis_outputn0062.sh
Pre-submission: antiNumuCC1PiMinusAnalysis_outputn0063.sh
8509759.pplxtorque05.physics.ox.ac.uk
Sub result: 0
Submitted: antiNumuCC1PiMinusAnalysis_outputn0063.sh
Pre-submission: antiNumuCC1PiMinusAnalysis_outputn0064.sh
8509760.pplxtorque05.physics.ox.ac.uk
Sub result: 0
Submitted: antiNumuCC1PiMinusAnalysis_outputn0064.sh
Pre-submission: antiNumuCC1PiMinusAnalysis_outputn0065.sh
8509761.pplxtorque05.physics.ox.ac.uk
Sub result: 0
Submitted: antiNumuCC1PiMinusAnalysis_outputn0065.sh
Pre-submission: antiNumuCC1PiMinusAnalysis_outputn0066.sh
8509762.pplxtorque05.physics.ox.ac.uk
Sub result: 0
Submitted: antiNumuCC1PiMinusAnalysis_outputn0066.sh
Pre-submission: antiNumuCC1PiMinusAnalysis_outputn0067.sh
8509763.pplxtorque05.physics.ox.ac.uk
Sub result: 0
Submitted: antiNumuCC1PiMinusAnalysis_outputn0067.sh
Pausing for 10
